<?xml version="1.0" encoding="UTF-8"?>
<testng-results ignored="0" total="4" passed="3" failed="1" skipped="0">
  <reporter-output>
    <line>
      <![CDATA[seting up Browser, running before class!!]]>
    </line>
    <line>
      <![CDATA[before driver.get url!!!!!]]>
    </line>
    <line>
      <![CDATA[after driver.get url!!!!!]]>
    </line>
    <line>
      <![CDATA[https://freelance-learn-automation.vercel.app/]]>
    </line>
    <line>
      <![CDATA[Browser is up and running, running before class!!]]>
    </line>
    <line>
      <![CDATA[Browser is about to teardown, running after class!!]]>
    </line>
    <line>
      <![CDATA[Browser closed and quit!!]]>
    </line>
  </reporter-output>
  <suite started-at="2024-11-04T16:53:44 GMT" name="Default suite" finished-at="2024-11-04T16:54:04 GMT" duration-ms="20384">
    <groups>
    </groups>
    <test started-at="2024-11-04T16:53:44 GMT" name="Default test" finished-at="2024-11-04T16:54:04 GMT" duration-ms="20384">
      <class name="test.Tests.AddNewCatagoryTest">
        <test-method is-config="true" signature="browserSetup()[pri:0, instance:test.Tests.AddNewCatagoryTest@31190526]" started-at="2024-11-04T16:53:44 GMT" name="browserSetup" finished-at="2024-11-04T16:53:49 GMT" duration-ms="5126" status="PASS">
          <reporter-output>
            <line>
              <![CDATA[seting up Browser, running before class!!]]>
            </line>
            <line>
              <![CDATA[before driver.get url!!!!!]]>
            </line>
            <line>
              <![CDATA[after driver.get url!!!!!]]>
            </line>
            <line>
              <![CDATA[https://freelance-learn-automation.vercel.app/]]>
            </line>
            <line>
              <![CDATA[Browser is up and running, running before class!!]]>
            </line>
          </reporter-output>
        </test-method> <!-- browserSetup -->
        <test-method signature="navigateToPage(java.lang.String,java.lang.String)[pri:1, instance:test.Tests.AddNewCatagoryTest@31190526]" started-at="2024-11-04T16:53:50 GMT" name="navigateToPage" data-provider="TestData" finished-at="2024-11-04T16:54:01 GMT" duration-ms="10619" status="PASS">
          <params>
            <param index="0">
              <value>
                <![CDATA[admin@email.com]]>
              </value>
            </param>
            <param index="1">
              <value>
                <![CDATA[admin@123]]>
              </value>
            </param>
          </params>
          <reporter-output>
          </reporter-output>
        </test-method> <!-- navigateToPage -->
        <test-method signature="getCatagoriesDetails()[pri:2, instance:test.Tests.AddNewCatagoryTest@31190526]" started-at="2024-11-04T16:54:01 GMT" name="getCatagoriesDetails" finished-at="2024-11-04T16:54:01 GMT" duration-ms="76" status="PASS">
          <reporter-output>
          </reporter-output>
        </test-method> <!-- getCatagoriesDetails -->
        <test-method signature="addNewCatagory()[pri:3, instance:test.Tests.AddNewCatagoryTest@31190526]" started-at="2024-11-04T16:54:01 GMT" name="addNewCatagory" finished-at="2024-11-04T16:54:04 GMT" duration-ms="3220" status="PASS">
          <reporter-output>
          </reporter-output>
        </test-method> <!-- addNewCatagory -->
        <test-method signature="verifyAddedCatagory()[pri:4, instance:test.Tests.AddNewCatagoryTest@31190526]" started-at="2024-11-04T16:54:04 GMT" name="verifyAddedCatagory" finished-at="2024-11-04T16:54:04 GMT" duration-ms="88" status="FAIL">
          <exception class="java.lang.AssertionError">
            <message>
              <![CDATA[Category with same name already exists expected [false] but found [true]]]>
            </message>
            <full-stacktrace>
              <![CDATA[java.lang.AssertionError: Category with same name already exists expected [false] but found [true]
at org.testng.Assert.fail(Assert.java:111)
at org.testng.Assert.failNotEquals(Assert.java:1578)
at org.testng.Assert.assertFalse(Assert.java:79)
at test.Tests.AddNewCatagoryTest.verifyAddedCatagory(AddNewCatagoryTest.java:46)
at java.base/jdk.internal.reflect.DirectMethodHandleAccessor.invoke(DirectMethodHandleAccessor.java:103)
at java.base/java.lang.reflect.Method.invoke(Method.java:580)
at org.testng.internal.invokers.MethodInvocationHelper.invokeMethod(MethodInvocationHelper.java:141)
at org.testng.internal.invokers.TestInvoker.invokeMethod(TestInvoker.java:686)
at org.testng.internal.invokers.TestInvoker.invokeTestMethod(TestInvoker.java:230)
at org.testng.internal.invokers.MethodRunner.runInSequence(MethodRunner.java:63)
at org.testng.internal.invokers.TestInvoker$MethodInvocationAgent.invoke(TestInvoker.java:992)
at org.testng.internal.invokers.TestInvoker.invokeTestMethods(TestInvoker.java:203)
at org.testng.internal.invokers.TestMethodWorker.invokeTestMethods(TestMethodWorker.java:154)
at org.testng.internal.invokers.TestMethodWorker.run(TestMethodWorker.java:134)
at java.base/java.util.ArrayList.forEach(ArrayList.java:1597)
at org.testng.TestRunner.privateRun(TestRunner.java:739)
at org.testng.TestRunner.run(TestRunner.java:614)
at org.testng.SuiteRunner.runTest(SuiteRunner.java:421)
at org.testng.SuiteRunner.runSequentially(SuiteRunner.java:413)
at org.testng.SuiteRunner.privateRun(SuiteRunner.java:373)
at org.testng.SuiteRunner.run(SuiteRunner.java:312)
at org.testng.SuiteRunnerWorker.runSuite(SuiteRunnerWorker.java:52)
at org.testng.SuiteRunnerWorker.run(SuiteRunnerWorker.java:95)
at org.testng.TestNG.runSuitesSequentially(TestNG.java:1274)
at org.testng.TestNG.runSuitesLocally(TestNG.java:1208)
at org.testng.TestNG.runSuites(TestNG.java:1112)
at org.testng.TestNG.run(TestNG.java:1079)
at org.testng.remote.AbstractRemoteTestNG.run(AbstractRemoteTestNG.java:115)
at org.testng.remote.RemoteTestNG.initAndRun(RemoteTestNG.java:293)
at org.testng.remote.RemoteTestNG.main(RemoteTestNG.java:91)
]]>
            </full-stacktrace>
          </exception> <!-- java.lang.AssertionError -->
          <reporter-output>
          </reporter-output>
        </test-method> <!-- verifyAddedCatagory -->
        <test-method is-config="true" signature="teardownBrowser()[pri:0, instance:test.Tests.AddNewCatagoryTest@31190526]" started-at="2024-11-04T16:54:04 GMT" name="teardownBrowser" finished-at="2024-11-04T16:54:04 GMT" duration-ms="240" status="PASS">
          <reporter-output>
            <line>
              <![CDATA[Browser is about to teardown, running after class!!]]>
            </line>
            <line>
              <![CDATA[Browser closed and quit!!]]>
            </line>
          </reporter-output>
        </test-method> <!-- teardownBrowser -->
      </class> <!-- test.Tests.AddNewCatagoryTest -->
    </test> <!-- Default test -->
  </suite> <!-- Default suite -->
</testng-results>
